<?xml version="1.0" encoding="UTF-8"?>
<!-- Generated by org.testng.reporters.JUnitReportReporter -->
<testsuite hostname="LAPTOP-1LL282FT" failures="0" tests="3" name="runners.Pagerunner" time="21.525" errors="0" timestamp="2023-03-16T20:35:27 IST" skipped="0">
  <testcase classname="runners.Pagerunner" name="runScenario" time="10.870"/>
  <system-out/>
  <testcase classname="runners.Pagerunner" name="runScenario" time="0.079"/>
  <system-out/>
  <testcase classname="runners.Pagerunner" name="runScenario" time="10.576"/>
  <system-out/>
</testsuite> <!-- runners.Pagerunner -->
