<?xml version="1.0" encoding="UTF-8"?>
<!-- Generated by org.testng.reporters.JUnitReportReporter -->
<testsuite hostname="LAPTOP-1LL282FT" failures="0" tests="3" name="runners.Pagerunner" time="21.344" errors="0" timestamp="2023-03-16T20:52:23 IST" skipped="0">
  <testcase classname="runners.Pagerunner" name="runScenario" time="10.752"/>
  <system-out/>
  <testcase classname="runners.Pagerunner" name="runScenario" time="10.452"/>
  <system-out/>
  <testcase classname="runners.Pagerunner" name="runScenario" time="0.140"/>
  <system-out/>
</testsuite> <!-- runners.Pagerunner -->
