<?xml version="1.0" encoding="UTF-8"?>
<!-- Generated by org.testng.reporters.JUnitReportReporter -->
<testsuite hostname="LAPTOP-1LL282FT" failures="0" tests="3" name="runners.Pagerunner" time="21.308" errors="0" timestamp="2023-03-16T19:38:34 IST" skipped="0">
  <testcase classname="runners.Pagerunner" name="runScenario" time="0.194"/>
  <system-out/>
  <testcase classname="runners.Pagerunner" name="runScenario" time="10.950"/>
  <system-out/>
  <testcase classname="runners.Pagerunner" name="runScenario" time="10.164"/>
  <system-out/>
</testsuite> <!-- runners.Pagerunner -->
