<?xml version="1.0" encoding="UTF-8"?>
<!-- Generated by org.testng.reporters.JUnitReportReporter -->
<testsuite hostname="LAPTOP-1LL282FT" failures="0" tests="3" name="runners.Pagerunner" time="20.925" errors="0" timestamp="2023-03-17T15:17:17 IST" skipped="0">
  <testcase classname="runners.Pagerunner" name="runScenario" time="10.630"/>
  <system-out/>
  <testcase classname="runners.Pagerunner" name="runScenario" time="0.104"/>
  <system-out/>
  <testcase classname="runners.Pagerunner" name="runScenario" time="10.191"/>
  <system-out/>
</testsuite> <!-- runners.Pagerunner -->
