<?xml version="1.0" encoding="UTF-8"?>
<!-- Generated by org.testng.reporters.JUnitReportReporter -->
<testsuite hostname="LAPTOP-1LL282FT" failures="0" tests="3" name="runners.Pagerunner" time="20.031" errors="0" timestamp="2023-03-16T18:36:37 IST" skipped="0">
  <testcase classname="runners.Pagerunner" name="runScenario" time="10.414"/>
  <system-out/>
  <testcase classname="runners.Pagerunner" name="runScenario" time="9.529"/>
  <system-out/>
  <testcase classname="runners.Pagerunner" name="runScenario" time="0.088"/>
  <system-out/>
</testsuite> <!-- runners.Pagerunner -->
