<?xml version="1.0" encoding="UTF-8"?>
<!-- Generated by org.testng.reporters.JUnitReportReporter -->
<testsuite hostname="LAPTOP-1LL282FT" failures="0" tests="3" name="runners.Pagerunner" time="21.430" errors="0" timestamp="2023-03-17T09:54:09 IST" skipped="0">
  <testcase classname="runners.Pagerunner" name="runScenario" time="10.072"/>
  <system-out/>
  <testcase classname="runners.Pagerunner" name="runScenario" time="11.246"/>
  <system-out/>
  <testcase classname="runners.Pagerunner" name="runScenario" time="0.112"/>
  <system-out/>
</testsuite> <!-- runners.Pagerunner -->
