<?xml version="1.0" encoding="UTF-8"?>
<!-- Generated by org.testng.reporters.JUnitReportReporter -->
<testsuite hostname="LAPTOP-1LL282FT" failures="0" tests="3" name="runners.Pagerunner" time="22.928" errors="0" timestamp="2023-03-16T15:52:50 IST" skipped="0">
  <testcase classname="runners.Pagerunner" name="runScenario" time="0.153"/>
  <system-out/>
  <testcase classname="runners.Pagerunner" name="runScenario" time="12.729"/>
  <system-out/>
  <testcase classname="runners.Pagerunner" name="runScenario" time="10.046"/>
  <system-out/>
</testsuite> <!-- runners.Pagerunner -->
