<?xml version="1.0" encoding="UTF-8"?>
<!-- Generated by org.testng.reporters.JUnitReportReporter -->
<testsuite hostname="LAPTOP-1LL282FT" failures="0" tests="3" name="runners.Pagerunner" time="20.887" errors="0" timestamp="2023-03-16T09:02:31 IST" skipped="0">
  <testcase classname="runners.Pagerunner" name="runScenario" time="0.101"/>
  <system-out/>
  <testcase classname="runners.Pagerunner" name="runScenario" time="10.745"/>
  <system-out/>
  <testcase classname="runners.Pagerunner" name="runScenario" time="10.041"/>
  <system-out/>
</testsuite> <!-- runners.Pagerunner -->
